# JRE version: OpenJDK Runtime Environment (15.0.2+7) (build 15.0.2+7-27)
# Java VM: OpenJDK 64-Bit Server VM (15.0.2+7-27, mixed mode, sharing, tiered, compressed oops, g1 gc, linux-amd64)
GC Precious Log:
 CPUs: 16 total, 16 available
 Memory: 15710M
 Large Page Support: Disabled
 NUMA Support: Disabled
 Compressed Oops: Enabled (Zero based)
 Heap Region Size: 2M
 Heap Min Capacity: 8M
 Heap Initial Capacity: 246M
 Heap Max Capacity: 3928M
 Pre-touch: Disabled
 Parallel Workers: 13
 Concurrent Workers: 3
 Concurrent Refinement Workers: 13
 Periodic GC: Disabled
Heap:
 garbage-first heap   total 61440K, used 34386K [0x000000070a800000, 0x0000000800000000)
  region size 2048K, 15 young (30720K), 4 survivors (8192K)
 Metaspace       used 23724K, capacity 24316K, committed 24368K, reserved 1071104K
  class space    used 3251K, capacity 3425K, committed 3456K, reserved 1048576K
GC Heap History (12 events):
Event: 0.210 GC heap before
{Heap before GC invocations=0 (full 0):
 garbage-first heap   total 256000K, used 22328K [0x000000070a800000, 0x0000000800000000)
  region size 2048K, 11 young (22528K), 0 survivors (0K)
 Metaspace       used 5674K, capacity 7033K, committed 7296K, reserved 1056768K
  class space    used 700K, capacity 827K, committed 896K, reserved 1048576K
}
Event: 0.212 GC heap after
{Heap after GC invocations=1 (full 0):
 garbage-first heap   total 256000K, used 5865K [0x000000070a800000, 0x0000000800000000)
  region size 2048K, 2 young (4096K), 2 survivors (4096K)
 Metaspace       used 5674K, capacity 7033K, committed 7296K, reserved 1056768K
  class space    used 700K, capacity 827K, committed 896K, reserved 1048576K
}
Event: 0.467 GC heap before
{Heap before GC invocations=1 (full 0):
 garbage-first heap   total 256000K, used 46825K [0x000000070a800000, 0x0000000800000000)
  region size 2048K, 20 young (40960K), 2 survivors (4096K)
 Metaspace       used 11885K, capacity 12513K, committed 12672K, reserved 1060864K
  class space    used 1565K, capacity 1649K, committed 1664K, reserved 1048576K
}
Event: 0.470 GC heap after
{Heap after GC invocations=2 (full 0):
 garbage-first heap   total 256000K, used 8288K [0x000000070a800000, 0x0000000800000000)
  region size 2048K, 2 young (4096K), 2 survivors (4096K)
 Metaspace       used 11885K, capacity 12513K, committed 12672K, reserved 1060864K
  class space    used 1565K, capacity 1649K, committed 1664K, reserved 1048576K
}
Event: 0.714 GC heap before
{Heap before GC invocations=2 (full 0):
 garbage-first heap   total 256000K, used 153696K [0x000000070a800000, 0x0000000800000000)
  region size 2048K, 73 young (149504K), 2 survivors (4096K)
 Metaspace       used 14416K, capacity 14610K, committed 14848K, reserved 1062912K
  class space    used 1884K, capacity 1966K, committed 2048K, reserved 1048576K
}
Event: 0.716 GC heap after
{Heap after GC invocations=3 (full 0):
 garbage-first heap   total 256000K, used 8573K [0x000000070a800000, 0x0000000800000000)
  region size 2048K, 2 young (4096K), 2 survivors (4096K)
 Metaspace       used 14416K, capacity 14610K, committed 14848K, reserved 1062912K
  class space    used 1884K, capacity 1966K, committed 2048K, reserved 1048576K
}
Event: 0.740 GC heap before
{Heap before GC invocations=3 (full 0):
 garbage-first heap   total 256000K, used 153981K [0x000000070a800000, 0x0000000800000000)
  region size 2048K, 73 young (149504K), 2 survivors (4096K)
 Metaspace       used 14416K, capacity 14610K, committed 14848K, reserved 1062912K
  class space    used 1884K, capacity 1966K, committed 2048K, reserved 1048576K
}
Event: 0.742 GC heap after
{Heap after GC invocations=4 (full 0):
 garbage-first heap   total 256000K, used 8511K [0x000000070a800000, 0x0000000800000000)
  region size 2048K, 2 young (4096K), 2 survivors (4096K)
 Metaspace       used 14416K, capacity 14610K, committed 14848K, reserved 1062912K
  class space    used 1884K, capacity 1966K, committed 2048K, reserved 1048576K
}
Event: 67.893 GC heap before
{Heap before GC invocations=4 (full 0):
 garbage-first heap   total 256000K, used 158015K [0x000000070a800000, 0x0000000800000000)
  region size 2048K, 73 young (149504K), 2 survivors (4096K)
 Metaspace       used 19638K, capacity 19999K, committed 20224K, reserved 1067008K
  class space    used 2538K, capacity 2687K, committed 2816K, reserved 1048576K
}
Event: 67.896 GC heap after
{Heap after GC invocations=5 (full 0):
 garbage-first heap   total 256000K, used 13556K [0x000000070a800000, 0x0000000800000000)
  region size 2048K, 4 young (8192K), 4 survivors (8192K)
 Metaspace       used 19638K, capacity 19999K, committed 20224K, reserved 1067008K
  class space    used 2538K, capacity 2687K, committed 2816K, reserved 1048576K
}
Event: 67.942 GC heap before
{Heap before GC invocations=5 (full 0):
 garbage-first heap   total 256000K, used 17652K [0x000000070a800000, 0x0000000800000000)
  region size 2048K, 7 young (14336K), 4 survivors (8192K)
 Metaspace       used 20786K, capacity 21131K, committed 21296K, reserved 1067008K
  class space    used 2726K, capacity 2851K, committed 2944K, reserved 1048576K
}
Event: 67.945 GC heap after
{Heap after GC invocations=6 (full 0):
 garbage-first heap   total 256000K, used 13906K [0x000000070a800000, 0x0000000800000000)
  region size 2048K, 4 young (8192K), 4 survivors (8192K)
 Metaspace       used 20786K, capacity 21131K, committed 21296K, reserved 1067008K
  class space    used 2726K, capacity 2851K, committed 2944K, reserved 1048576K
}

