# JRE version: OpenJDK Runtime Environment (15.0.2+7) (build 15.0.2+7-27)
# Java VM: OpenJDK 64-Bit Server VM (15.0.2+7-27, mixed mode, sharing, tiered, compressed oops, g1 gc, linux-amd64)
GC Precious Log:
 CPUs: 16 total, 16 available
 Memory: 15710M
 Large Page Support: Disabled
 NUMA Support: Disabled
 Compressed Oops: Enabled (Zero based)
 Heap Region Size: 2M
 Heap Min Capacity: 8M
 Heap Initial Capacity: 246M
 Heap Max Capacity: 3928M
 Pre-touch: Disabled
 Parallel Workers: 13
 Concurrent Workers: 3
 Concurrent Refinement Workers: 13
 Periodic GC: Disabled
Heap:
 garbage-first heap   total 61440K, used 31928K [0x000000070a800000, 0x0000000800000000)
  region size 2048K, 14 young (28672K), 4 survivors (8192K)
 Metaspace       used 23108K, capacity 23623K, committed 23856K, reserved 1069056K
  class space    used 3195K, capacity 3386K, committed 3456K, reserved 1048576K
GC Heap History (10 events):
Event: 0.254 GC heap before
{Heap before GC invocations=0 (full 0):
 garbage-first heap   total 256000K, used 24376K [0x000000070a800000, 0x0000000800000000)
  region size 2048K, 11 young (22528K), 0 survivors (0K)
 Metaspace       used 5668K, capacity 7033K, committed 7296K, reserved 1056768K
  class space    used 699K, capacity 827K, committed 896K, reserved 1048576K
}
Event: 0.256 GC heap after
{Heap after GC invocations=1 (full 0):
 garbage-first heap   total 256000K, used 5779K [0x000000070a800000, 0x0000000800000000)
  region size 2048K, 2 young (4096K), 2 survivors (4096K)
 Metaspace       used 5668K, capacity 7033K, committed 7296K, reserved 1056768K
  class space    used 699K, capacity 827K, committed 896K, reserved 1048576K
}
Event: 0.510 GC heap before
{Heap before GC invocations=1 (full 0):
 garbage-first heap   total 256000K, used 46739K [0x000000070a800000, 0x0000000800000000)
  region size 2048K, 20 young (40960K), 2 survivors (4096K)
 Metaspace       used 11873K, capacity 12513K, committed 12672K, reserved 1060864K
  class space    used 1565K, capacity 1649K, committed 1664K, reserved 1048576K
}
Event: 0.513 GC heap after
{Heap after GC invocations=2 (full 0):
 garbage-first heap   total 256000K, used 8473K [0x000000070a800000, 0x0000000800000000)
  region size 2048K, 2 young (4096K), 2 survivors (4096K)
 Metaspace       used 11873K, capacity 12513K, committed 12672K, reserved 1060864K
  class space    used 1565K, capacity 1649K, committed 1664K, reserved 1048576K
}
Event: 0.749 GC heap before
{Heap before GC invocations=2 (full 0):
 garbage-first heap   total 256000K, used 153881K [0x000000070a800000, 0x0000000800000000)
  region size 2048K, 73 young (149504K), 2 survivors (4096K)
 Metaspace       used 14417K, capacity 14610K, committed 14848K, reserved 1062912K
  class space    used 1884K, capacity 1966K, committed 2048K, reserved 1048576K
}
Event: 0.750 GC heap after
{Heap after GC invocations=3 (full 0):
 garbage-first heap   total 256000K, used 8800K [0x000000070a800000, 0x0000000800000000)
  region size 2048K, 2 young (4096K), 2 survivors (4096K)
 Metaspace       used 14417K, capacity 14610K, committed 14848K, reserved 1062912K
  class space    used 1884K, capacity 1966K, committed 2048K, reserved 1048576K
}
Event: 0.775 GC heap before
{Heap before GC invocations=3 (full 0):
 garbage-first heap   total 256000K, used 154208K [0x000000070a800000, 0x0000000800000000)
  region size 2048K, 73 young (149504K), 2 survivors (4096K)
 Metaspace       used 14417K, capacity 14610K, committed 14848K, reserved 1062912K
  class space    used 1884K, capacity 1966K, committed 2048K, reserved 1048576K
}
Event: 0.776 GC heap after
{Heap after GC invocations=4 (full 0):
 garbage-first heap   total 256000K, used 8675K [0x000000070a800000, 0x0000000800000000)
  region size 2048K, 2 young (4096K), 2 survivors (4096K)
 Metaspace       used 14417K, capacity 14610K, committed 14848K, reserved 1062912K
  class space    used 1884K, capacity 1966K, committed 2048K, reserved 1048576K
}
Event: 58.224 GC heap before
{Heap before GC invocations=4 (full 0):
 garbage-first heap   total 256000K, used 147939K [0x000000070a800000, 0x0000000800000000)
  region size 2048K, 69 young (141312K), 2 survivors (4096K)
 Metaspace       used 20724K, capacity 21134K, committed 21296K, reserved 1067008K
  class space    used 2779K, capacity 2912K, committed 2944K, reserved 1048576K
}
Event: 58.227 GC heap after
{Heap after GC invocations=5 (full 0):
 garbage-first heap   total 256000K, used 13496K [0x000000070a800000, 0x0000000800000000)
  region size 2048K, 4 young (8192K), 4 survivors (8192K)
 Metaspace       used 20724K, capacity 21134K, committed 21296K, reserved 1067008K
  class space    used 2779K, capacity 2912K, committed 2944K, reserved 1048576K
}

