# JRE version: OpenJDK Runtime Environment (15.0.2+7) (build 15.0.2+7-27)
# Java VM: OpenJDK 64-Bit Server VM (15.0.2+7-27, mixed mode, sharing, tiered, compressed oops, g1 gc, linux-amd64)
GC Precious Log:
 CPUs: 16 total, 16 available
 Memory: 15710M
 Large Page Support: Disabled
 NUMA Support: Disabled
 Compressed Oops: Enabled (Zero based)
 Heap Region Size: 2M
 Heap Min Capacity: 8M
 Heap Initial Capacity: 246M
 Heap Max Capacity: 3928M
 Pre-touch: Disabled
 Parallel Workers: 13
 Concurrent Workers: 3
 Concurrent Refinement Workers: 13
 Periodic GC: Disabled
Heap:
 garbage-first heap   total 256000K, used 61223K [0x000000070a800000, 0x0000000800000000)
  region size 2048K, 29 young (59392K), 2 survivors (4096K)
 Metaspace       used 18258K, capacity 18741K, committed 19072K, reserved 1064960K
  class space    used 2650K, capacity 2805K, committed 2944K, reserved 1048576K
GC Heap History (8 events):
Event: 0.229 GC heap before
{Heap before GC invocations=0 (full 0):
 garbage-first heap   total 256000K, used 22328K [0x000000070a800000, 0x0000000800000000)
  region size 2048K, 11 young (22528K), 0 survivors (0K)
 Metaspace       used 5590K, capacity 6919K, committed 7040K, reserved 1056768K
  class space    used 678K, capacity 792K, committed 896K, reserved 1048576K
}
Event: 0.231 GC heap after
{Heap after GC invocations=1 (full 0):
 garbage-first heap   total 256000K, used 5796K [0x000000070a800000, 0x0000000800000000)
  region size 2048K, 2 young (4096K), 2 survivors (4096K)
 Metaspace       used 5590K, capacity 6919K, committed 7040K, reserved 1056768K
  class space    used 678K, capacity 792K, committed 896K, reserved 1048576K
}
Event: 0.417 GC heap before
{Heap before GC invocations=1 (full 0):
 garbage-first heap   total 256000K, used 40612K [0x000000070a800000, 0x0000000800000000)
  region size 2048K, 20 young (40960K), 2 survivors (4096K)
 Metaspace       used 10454K, capacity 10609K, committed 10752K, reserved 1058816K
  class space    used 1375K, capacity 1462K, committed 1536K, reserved 1048576K
}
Event: 0.419 GC heap after
{Heap after GC invocations=2 (full 0):
 garbage-first heap   total 256000K, used 7983K [0x000000070a800000, 0x0000000800000000)
  region size 2048K, 2 young (4096K), 2 survivors (4096K)
 Metaspace       used 10454K, capacity 10609K, committed 10752K, reserved 1058816K
  class space    used 1375K, capacity 1462K, committed 1536K, reserved 1048576K
}
Event: 0.494 GC heap before
{Heap before GC invocations=2 (full 0):
 garbage-first heap   total 256000K, used 153391K [0x000000070a800000, 0x0000000800000000)
  region size 2048K, 73 young (149504K), 2 survivors (4096K)
 Metaspace       used 10458K, capacity 10609K, committed 10752K, reserved 1058816K
  class space    used 1375K, capacity 1462K, committed 1536K, reserved 1048576K
}
Event: 0.496 GC heap after
{Heap after GC invocations=3 (full 0):
 garbage-first heap   total 256000K, used 8033K [0x000000070a800000, 0x0000000800000000)
  region size 2048K, 2 young (4096K), 2 survivors (4096K)
 Metaspace       used 10458K, capacity 10609K, committed 10752K, reserved 1058816K
  class space    used 1375K, capacity 1462K, committed 1536K, reserved 1048576K
}
Event: 0.520 GC heap before
{Heap before GC invocations=3 (full 0):
 garbage-first heap   total 256000K, used 153441K [0x000000070a800000, 0x0000000800000000)
  region size 2048K, 73 young (149504K), 2 survivors (4096K)
 Metaspace       used 10458K, capacity 10609K, committed 10752K, reserved 1058816K
  class space    used 1375K, capacity 1462K, committed 1536K, reserved 1048576K
}
Event: 0.521 GC heap after
{Heap after GC invocations=4 (full 0):
 garbage-first heap   total 256000K, used 7975K [0x000000070a800000, 0x0000000800000000)
  region size 2048K, 2 young (4096K), 2 survivors (4096K)
 Metaspace       used 10458K, capacity 10609K, committed 10752K, reserved 1058816K
  class space    used 1375K, capacity 1462K, committed 1536K, reserved 1048576K
}

