# JRE version: OpenJDK Runtime Environment (15.0.2+7) (build 15.0.2+7-27)
# Java VM: OpenJDK 64-Bit Server VM (15.0.2+7-27, mixed mode, sharing, tiered, compressed oops, g1 gc, linux-amd64)
GC Precious Log:
 CPUs: 16 total, 16 available
 Memory: 15710M
 Large Page Support: Disabled
 NUMA Support: Disabled
 Compressed Oops: Enabled (Zero based)
 Heap Region Size: 2M
 Heap Min Capacity: 8M
 Heap Initial Capacity: 246M
 Heap Max Capacity: 3928M
 Pre-touch: Disabled
 Parallel Workers: 13
 Concurrent Workers: 3
 Concurrent Refinement Workers: 13
 Periodic GC: Disabled
Heap:
 garbage-first heap   total 55296K, used 25443K [0x000000070a800000, 0x0000000800000000)
  region size 2048K, 11 young (22528K), 3 survivors (6144K)
 Metaspace       used 22059K, capacity 22613K, committed 22780K, reserved 1069056K
  class space    used 3141K, capacity 3309K, committed 3328K, reserved 1048576K
GC Heap History (10 events):
Event: 0.244 GC heap before
{Heap before GC invocations=0 (full 0):
 garbage-first heap   total 256000K, used 22328K [0x000000070a800000, 0x0000000800000000)
  region size 2048K, 11 young (22528K), 0 survivors (0K)
 Metaspace       used 5663K, capacity 7033K, committed 7296K, reserved 1056768K
  class space    used 699K, capacity 827K, committed 896K, reserved 1048576K
}
Event: 0.246 GC heap after
{Heap after GC invocations=1 (full 0):
 garbage-first heap   total 256000K, used 5787K [0x000000070a800000, 0x0000000800000000)
  region size 2048K, 2 young (4096K), 2 survivors (4096K)
 Metaspace       used 5663K, capacity 7033K, committed 7296K, reserved 1056768K
  class space    used 699K, capacity 827K, committed 896K, reserved 1048576K
}
Event: 0.497 GC heap before
{Heap before GC invocations=1 (full 0):
 garbage-first heap   total 256000K, used 46747K [0x000000070a800000, 0x0000000800000000)
  region size 2048K, 20 young (40960K), 2 survivors (4096K)
 Metaspace       used 11875K, capacity 12513K, committed 12672K, reserved 1060864K
  class space    used 1565K, capacity 1649K, committed 1664K, reserved 1048576K
}
Event: 0.500 GC heap after
{Heap after GC invocations=2 (full 0):
 garbage-first heap   total 256000K, used 8415K [0x000000070a800000, 0x0000000800000000)
  region size 2048K, 2 young (4096K), 2 survivors (4096K)
 Metaspace       used 11875K, capacity 12513K, committed 12672K, reserved 1060864K
  class space    used 1565K, capacity 1649K, committed 1664K, reserved 1048576K
}
Event: 0.727 GC heap before
{Heap before GC invocations=2 (full 0):
 garbage-first heap   total 256000K, used 153823K [0x000000070a800000, 0x0000000800000000)
  region size 2048K, 73 young (149504K), 2 survivors (4096K)
 Metaspace       used 14419K, capacity 14610K, committed 14848K, reserved 1062912K
  class space    used 1884K, capacity 1966K, committed 2048K, reserved 1048576K
}
Event: 0.729 GC heap after
{Heap after GC invocations=3 (full 0):
 garbage-first heap   total 256000K, used 8589K [0x000000070a800000, 0x0000000800000000)
  region size 2048K, 2 young (4096K), 2 survivors (4096K)
 Metaspace       used 14419K, capacity 14610K, committed 14848K, reserved 1062912K
  class space    used 1884K, capacity 1966K, committed 2048K, reserved 1048576K
}
Event: 0.757 GC heap before
{Heap before GC invocations=3 (full 0):
 garbage-first heap   total 256000K, used 153997K [0x000000070a800000, 0x0000000800000000)
  region size 2048K, 73 young (149504K), 2 survivors (4096K)
 Metaspace       used 14419K, capacity 14610K, committed 14848K, reserved 1062912K
  class space    used 1884K, capacity 1966K, committed 2048K, reserved 1048576K
}
Event: 0.758 GC heap after
{Heap after GC invocations=4 (full 0):
 garbage-first heap   total 256000K, used 8693K [0x000000070a800000, 0x0000000800000000)
  region size 2048K, 2 young (4096K), 2 survivors (4096K)
 Metaspace       used 14419K, capacity 14610K, committed 14848K, reserved 1062912K
  class space    used 1884K, capacity 1966K, committed 2048K, reserved 1048576K
}
Event: 0.979 GC heap before
{Heap before GC invocations=4 (full 0):
 garbage-first heap   total 256000K, used 86517K [0x000000070a800000, 0x0000000800000000)
  region size 2048K, 41 young (83968K), 2 survivors (4096K)
 Metaspace       used 20779K, capacity 21148K, committed 21248K, reserved 1067008K
  class space    used 2927K, capacity 3027K, committed 3072K, reserved 1048576K
}
Event: 0.982 GC heap after
{Heap after GC invocations=5 (full 0):
 garbage-first heap   total 256000K, used 11107K [0x000000070a800000, 0x0000000800000000)
  region size 2048K, 3 young (6144K), 3 survivors (6144K)
 Metaspace       used 20779K, capacity 21148K, committed 21248K, reserved 1067008K
  class space    used 2927K, capacity 3027K, committed 3072K, reserved 1048576K
}

